<?xml version="1.0" encoding="UTF-8"?>
<!-- Generated by org.testng.reporters.JUnitXMLReporter -->
<testsuite ignored="3" hostname="Indu12Sharma" failures="1" tests="1" name="Login Test" time="3.689" errors="0" timestamp="2023-12-10T21:46:14 GMT">
  <testcase classname="com.nopcommerce.demo.testsuite.LoginPageTest" name="verifyTheErrorMessageWithInValidCredentials" time="0.926">
    <failure type="java.lang.AssertionError" message="expected [Login was unsuccessful. Please correct the errors and try again. +                &amp;quot;No customer account found, Unable to verify message] but found [Login was unsuccessful. Please correct the errors and try again.
No customer account found]">
      <![CDATA[java.lang.AssertionError: expected [Login was unsuccessful. Please correct the errors and try again. +                "No customer account found, Unable to verify message] but found [Login was unsuccessful. Please correct the errors and try again.
No customer account found]
at com.nopcommerce.demo.testsuite.LoginPageTest.verifyTheErrorMessageWithInValidCredentials(LoginPageTest.java:43)
at java.base/java.util.ArrayList.forEach(ArrayList.java:1511)
at com.intellij.rt.testng.IDEARemoteTestNG.run(IDEARemoteTestNG.java:66)
at com.intellij.rt.testng.RemoteTestNGStarter.main(RemoteTestNGStarter.java:105)
... Removed 30 stack frames]]>
    </failure>
  </testcase> <!-- verifyTheErrorMessageWithInValidCredentials -->
  <testcase classname="com.nopcommerce.demo.testsuite.LoginPageTest" name="verifyThatUserShouldLoginSuccessfullyWithValidCredential" time="0.0">
    <ignored/>
  </testcase> <!-- verifyThatUserShouldLoginSuccessfullyWithValidCredential -->
  <testcase classname="com.nopcommerce.demo.testsuite.LoginPageTest" name="verifyThatUserShouldLogOutSuccessfully" time="0.0">
    <ignored/>
  </testcase> <!-- verifyThatUserShouldLogOutSuccessfully -->
  <testcase classname="com.nopcommerce.demo.testsuite.LoginPageTest" name="UserShouldNavigateToLoginPageSuccessFully" time="0.0">
    <ignored/>
  </testcase> <!-- UserShouldNavigateToLoginPageSuccessFully -->
</testsuite> <!-- Login Test -->
